c:\users\yipang\desktop\project4demo\project4demo\codeanalyzer\analyzer\debug\vc141.pdb
c:\users\yipang\desktop\project4demo\project4demo\codeanalyzer\analyzer\debug\vc141.idb
c:\users\yipang\desktop\project4demo\project4demo\codeanalyzer\analyzer\debug\executive.obj
c:\users\yipang\desktop\project4demo\project4demo\codeanalyzer\analyzer\debug\utilities.obj
c:\users\yipang\desktop\project4demo\project4demo\codeanalyzer\analyzer\debug\tokenizer.obj
c:\users\yipang\desktop\project4demo\project4demo\codeanalyzer\analyzer\debug\semiexp.obj
c:\users\yipang\desktop\project4demo\project4demo\codeanalyzer\analyzer\debug\scopestack.obj
c:\users\yipang\desktop\project4demo\project4demo\codeanalyzer\analyzer\debug\parser.obj
c:\users\yipang\desktop\project4demo\project4demo\codeanalyzer\analyzer\debug\configureparser.obj
c:\users\yipang\desktop\project4demo\project4demo\codeanalyzer\analyzer\debug\actionsandrules.obj
c:\users\yipang\desktop\project4demo\project4demo\codeanalyzer\analyzer\debug\logger.obj
c:\users\yipang\desktop\project4demo\project4demo\codeanalyzer\analyzer\debug\grammarhelpers.obj
c:\users\yipang\desktop\project4demo\project4demo\codeanalyzer\analyzer\debug\filesystem.obj
c:\users\yipang\desktop\project4demo\project4demo\codeanalyzer\analyzer\debug\filemgr.obj
c:\users\yipang\desktop\project4demo\project4demo\codeanalyzer\analyzer\debug\abstrsyntree.obj
c:\users\yipang\desktop\project4demo\project4demo\debug\codeanalyzer.ilk
c:\users\yipang\desktop\project4demo\project4demo\debug\codeanalyzer.exe
c:\users\yipang\desktop\project4demo\project4demo\debug\codeanalyzer.pdb
c:\users\yipang\desktop\project4demo\project4demo\codeanalyzer\analyzer\debug\codeanalyzer.tlog\cl.command.1.tlog
c:\users\yipang\desktop\project4demo\project4demo\codeanalyzer\analyzer\debug\codeanalyzer.tlog\cl.read.1.tlog
c:\users\yipang\desktop\project4demo\project4demo\codeanalyzer\analyzer\debug\codeanalyzer.tlog\cl.write.1.tlog
c:\users\yipang\desktop\project4demo\project4demo\codeanalyzer\analyzer\debug\codeanalyzer.tlog\link.command.1.tlog
c:\users\yipang\desktop\project4demo\project4demo\codeanalyzer\analyzer\debug\codeanalyzer.tlog\link.read.1.tlog
c:\users\yipang\desktop\project4demo\project4demo\codeanalyzer\analyzer\debug\codeanalyzer.tlog\link.write.1.tlog
