c:\users\yipang\desktop\publisher\publisher\x64\debug\vc141.pdb
c:\users\yipang\desktop\publisher\publisher\x64\debug\vc141.idb
c:\users\yipang\desktop\publisher\publisher\x64\debug\publisher.obj
c:\users\yipang\desktop\publisher\publisher\x64\debug\utilities.obj
c:\users\yipang\desktop\publisher\publisher\x64\debug\toker.obj
c:\users\yipang\desktop\publisher\publisher\x64\debug\semi.obj
c:\users\yipang\desktop\publisher\publisher\x64\debug\scopestack.obj
c:\users\yipang\desktop\publisher\publisher\x64\debug\parser.obj
c:\users\yipang\desktop\publisher\publisher\x64\debug\configureparser.obj
c:\users\yipang\desktop\publisher\publisher\x64\debug\actionsandrules.obj
c:\users\yipang\desktop\publisher\publisher\x64\debug\logger.obj
c:\users\yipang\desktop\publisher\publisher\x64\debug\grammarhelpers.obj
c:\users\yipang\desktop\publisher\publisher\x64\debug\filesystem.obj
c:\users\yipang\desktop\publisher\publisher\x64\debug\abstrsyntree.obj
c:\users\yipang\desktop\publisher\publisher\x64\debug\publisher.tlog\cl.command.1.tlog
c:\users\yipang\desktop\publisher\publisher\x64\debug\publisher.tlog\cl.read.1.tlog
c:\users\yipang\desktop\publisher\publisher\x64\debug\publisher.tlog\cl.write.1.tlog
c:\users\yipang\desktop\publisher\publisher\x64\debug\publisher.tlog\link.command.1.tlog
c:\users\yipang\desktop\publisher\publisher\x64\debug\publisher.tlog\link.read.1.tlog
c:\users\yipang\desktop\publisher\publisher\x64\debug\publisher.tlog\link.write.1.tlog
