c:\users\yipang\desktop\project4demo\project4demo\publisher\debug\publisher.pdb
c:\users\yipang\desktop\project4demo\project4demo\publisher\debug\publisher.obj
c:\users\yipang\desktop\project4demo\project4demo\publisher\debug\utilities.obj
c:\users\yipang\desktop\project4demo\project4demo\publisher\debug\toker.obj
c:\users\yipang\desktop\project4demo\project4demo\publisher\debug\semi.obj
c:\users\yipang\desktop\project4demo\project4demo\publisher\debug\scopestack.obj
c:\users\yipang\desktop\project4demo\project4demo\publisher\debug\parser.obj
c:\users\yipang\desktop\project4demo\project4demo\publisher\debug\configureparser.obj
c:\users\yipang\desktop\project4demo\project4demo\publisher\debug\actionsandrules.obj
c:\users\yipang\desktop\project4demo\project4demo\publisher\debug\logger.obj
c:\users\yipang\desktop\project4demo\project4demo\publisher\debug\grammarhelpers.obj
c:\users\yipang\desktop\project4demo\project4demo\publisher\debug\filesystem.obj
c:\users\yipang\desktop\project4demo\project4demo\publisher\debug\abstrsyntree.obj
c:\users\yipang\desktop\project4demo\project4demo\debug\publisher.lib
c:\users\yipang\desktop\project4demo\project4demo\debug\publisher.pdb
c:\users\yipang\desktop\project4demo\project4demo\publisher\debug\publisher.tlog\cl.command.1.tlog
c:\users\yipang\desktop\project4demo\project4demo\publisher\debug\publisher.tlog\cl.read.1.tlog
c:\users\yipang\desktop\project4demo\project4demo\publisher\debug\publisher.tlog\cl.write.1.tlog
c:\users\yipang\desktop\project4demo\project4demo\publisher\debug\publisher.tlog\lib-link.read.1.tlog
c:\users\yipang\desktop\project4demo\project4demo\publisher\debug\publisher.tlog\lib-link.write.1.tlog
c:\users\yipang\desktop\project4demo\project4demo\publisher\debug\publisher.tlog\lib.command.1.tlog
