c:\users\yipang\downloads\myproject2\parser\debug\vc141.pdb
c:\users\yipang\downloads\myproject2\parser\debug\vc141.idb
c:\users\yipang\downloads\myproject2\parser\debug\parser.obj
c:\users\yipang\downloads\myproject2\parser\debug\configureparser.obj
c:\users\yipang\downloads\myproject2\parser\debug\actionsandrules.obj
c:\users\yipang\downloads\myproject2\parser\debug\utilities.obj
c:\users\yipang\downloads\myproject2\parser\debug\toker.obj
c:\users\yipang\downloads\myproject2\parser\debug\semi.obj
c:\users\yipang\downloads\myproject2\parser\debug\scopestack.obj
c:\users\yipang\downloads\myproject2\parser\debug\logger.obj
c:\users\yipang\downloads\myproject2\parser\debug\grammarhelpers.obj
c:\users\yipang\downloads\myproject2\parser\debug\filesystem.obj
c:\users\yipang\downloads\myproject2\parser\debug\abstrsyntree.obj
c:\users\yipang\downloads\myproject2\debug\parser.ilk
c:\users\yipang\downloads\myproject2\debug\parser.exe
c:\users\yipang\downloads\myproject2\debug\parser.pdb
c:\users\yipang\downloads\myproject2\parser\debug\parser.tlog\cl.command.1.tlog
c:\users\yipang\downloads\myproject2\parser\debug\parser.tlog\cl.read.1.tlog
c:\users\yipang\downloads\myproject2\parser\debug\parser.tlog\cl.write.1.tlog
c:\users\yipang\downloads\myproject2\parser\debug\parser.tlog\link.command.1.tlog
c:\users\yipang\downloads\myproject2\parser\debug\parser.tlog\link.read.1.tlog
c:\users\yipang\downloads\myproject2\parser\debug\parser.tlog\link.write.1.tlog
