c:\users\yipang\desktop\publisher\translator\x64\debug\vc141.pdb
c:\users\yipang\desktop\publisher\translator\x64\debug\translator.obj
c:\users\yipang\desktop\publisher\translator\x64\debug\assemblyinfo.obj
c:\users\yipang\desktop\publisher\translator\x64\debug\.netframework,version=v4.6.1.assemblyattributes.obj
c:\users\yipang\desktop\publisher\translator\x64\debug\.netframework,version=v4.6.1.assemblyattributes.asm
c:\users\yipang\desktop\publisher\translator\x64\debug\translator.vcxprojassemblyreference.cache
c:\users\yipang\desktop\publisher\x64\debug\translator.pdb
c:\users\yipang\desktop\publisher\translator\x64\debug\translator.tlog\cl.command.1.tlog
c:\users\yipang\desktop\publisher\translator\x64\debug\translator.tlog\cl.read.1.tlog
c:\users\yipang\desktop\publisher\translator\x64\debug\translator.tlog\cl.write.1.tlog
c:\users\yipang\desktop\publisher\translator\x64\debug\translator.tlog\link.12356-cvtres.read.1.tlog
c:\users\yipang\desktop\publisher\translator\x64\debug\translator.tlog\link.12356-cvtres.write.1.tlog
c:\users\yipang\desktop\publisher\translator\x64\debug\translator.tlog\link.12356-rc.read.1.tlog
c:\users\yipang\desktop\publisher\translator\x64\debug\translator.tlog\link.12356-rc.write.1.tlog
c:\users\yipang\desktop\publisher\translator\x64\debug\translator.tlog\link.12356.read.1.tlog
c:\users\yipang\desktop\publisher\translator\x64\debug\translator.tlog\link.12356.write.1.tlog
c:\users\yipang\desktop\publisher\translator\x64\debug\translator.tlog\link.command.1.tlog
c:\users\yipang\desktop\publisher\translator\x64\debug\translator.tlog\link.read.1.tlog
c:\users\yipang\desktop\publisher\translator\x64\debug\translator.tlog\link.write.1.tlog
c:\users\yipang\desktop\publisher\translator\x64\debug\translator.tlog\metagen.read.1.tlog
c:\users\yipang\desktop\publisher\translator\x64\debug\translator.tlog\metagen.write.1.tlog
